<?xml version="1.0" encoding="UTF-8"?>
<!-- Generated by org.testng.reporters.JUnitReportReporter -->
<testsuite hostname="TRICONNODE211" name="testScripts.LoginTest" tests="1" failures="0" timestamp="23 Jan 2017 13:39:56 GMT" time="34.508" errors="0">
  <testcase name="verifyLogin" time="34.508" classname="testScripts.LoginTest"/>
</testsuite> <!-- testScripts.LoginTest -->
